{"D:\\HCK72\\Phase2\\Graded\\Personal-Project\\ip-BookCinema\\server\\app.js": {"path":"D:\\HCK72\\Phase2\\Graded\\Personal-Project\\ip-BookCinema\\server\\app.js","statementMap":{"0":{"start":{"line":1,"column":0},"end":{"line":3,"column":1}},"1":{"start":{"line":2,"column":2},"end":{"line":2,"column":29}},"2":{"start":{"line":5,"column":16},"end":{"line":5,"column":34}},"3":{"start":{"line":6,"column":21},"end":{"line":6,"column":56}},"4":{"start":{"line":7,"column":13},"end":{"line":7,"column":28}},"5":{"start":{"line":10,"column":12},"end":{"line":10,"column":21}},"6":{"start":{"line":11,"column":13},"end":{"line":11,"column":17}},"7":{"start":{"line":13,"column":0},"end":{"line":13,"column":45}},"8":{"start":{"line":14,"column":0},"end":{"line":14,"column":23}},"9":{"start":{"line":15,"column":0},"end":{"line":15,"column":15}},"10":{"start":{"line":16,"column":0},"end":{"line":16,"column":34}},"11":{"start":{"line":17,"column":0},"end":{"line":17,"column":21}},"12":{"start":{"line":23,"column":0},"end":{"line":23,"column":20}}},"fnMap":{},"branchMap":{"0":{"loc":{"start":{"line":1,"column":0},"end":{"line":3,"column":1}},"type":"if","locations":[{"start":{"line":1,"column":0},"end":{"line":3,"column":1}},{"start":{},"end":{}}],"line":1}},"s":{"0":1,"1":1,"2":1,"3":1,"4":1,"5":1,"6":1,"7":1,"8":1,"9":1,"10":1,"11":1,"12":1},"f":{},"b":{"0":[1,0]},"_coverageSchema":"1a1c01bbd47fc00a2c39e90264f33305004495a9","hash":"bef1fe0d4e5087f92aa24cdc9bfbd1adb14c68e4"}
,"D:\\HCK72\\Phase2\\Graded\\Personal-Project\\ip-BookCinema\\server\\controllers\\controller.js": {"path":"D:\\HCK72\\Phase2\\Graded\\Personal-Project\\ip-BookCinema\\server\\controllers\\controller.js","statementMap":{"0":{"start":{"line":1,"column":25},"end":{"line":1,"column":55}},"1":{"start":{"line":2,"column":24},"end":{"line":2,"column":52}},"2":{"start":{"line":3,"column":22},"end":{"line":3,"column":47}},"3":{"start":{"line":4,"column":32},"end":{"line":4,"column":52}},"4":{"start":{"line":5,"column":23},"end":{"line":5,"column":49}},"5":{"start":{"line":6,"column":15},"end":{"line":6,"column":35}},"6":{"start":{"line":8,"column":18},"end":{"line":8,"column":38}},"7":{"start":{"line":9,"column":14},"end":{"line":9,"column":35}},"8":{"start":{"line":28,"column":8},"end":{"line":35,"column":9}},"9":{"start":{"line":31,"column":23},"end":{"line":31,"column":50}},"10":{"start":{"line":32,"column":12},"end":{"line":32,"column":92}},"11":{"start":{"line":34,"column":12},"end":{"line":34,"column":23}},"12":{"start":{"line":38,"column":8},"end":{"line":61,"column":9}},"13":{"start":{"line":39,"column":40},"end":{"line":39,"column":48}},"14":{"start":{"line":40,"column":12},"end":{"line":40,"column":75}},"15":{"start":{"line":41,"column":12},"end":{"line":43,"column":13}},"16":{"start":{"line":42,"column":16},"end":{"line":42,"column":44}},"17":{"start":{"line":45,"column":23},"end":{"line":49,"column":14}},"18":{"start":{"line":50,"column":12},"end":{"line":52,"column":13}},"19":{"start":{"line":51,"column":16},"end":{"line":51,"column":56}},"20":{"start":{"line":53,"column":28},"end":{"line":53,"column":64}},"21":{"start":{"line":54,"column":12},"end":{"line":56,"column":13}},"22":{"start":{"line":55,"column":16},"end":{"line":55,"column":56}},"23":{"start":{"line":57,"column":29},"end":{"line":57,"column":50}},"24":{"start":{"line":58,"column":12},"end":{"line":58,"column":60}},"25":{"start":{"line":60,"column":12},"end":{"line":60,"column":23}},"26":{"start":{"line":65,"column":8},"end":{"line":88,"column":9}},"27":{"start":{"line":66,"column":26},"end":{"line":66,"column":42}},"28":{"start":{"line":68,"column":28},"end":{"line":75,"column":13}},"29":{"start":{"line":77,"column":29},"end":{"line":77,"column":57}},"30":{"start":{"line":83,"column":12},"end":{"line":83,"column":55}},"31":{"start":{"line":85,"column":12},"end":{"line":85,"column":38}},"32":{"start":{"line":87,"column":12},"end":{"line":87,"column":23}},"33":{"start":{"line":92,"column":8},"end":{"line":148,"column":9}},"34":{"start":{"line":95,"column":27},"end":{"line":95,"column":37}},"35":{"start":{"line":97,"column":37},"end":{"line":97,"column":45}},"36":{"start":{"line":104,"column":24},"end":{"line":111,"column":14}},"37":{"start":{"line":112,"column":12},"end":{"line":122,"column":13}},"38":{"start":{"line":113,"column":27},"end":{"line":119,"column":18}},"39":{"start":{"line":121,"column":16},"end":{"line":121,"column":87}},"40":{"start":{"line":126,"column":12},"end":{"line":128,"column":13}},"41":{"start":{"line":127,"column":16},"end":{"line":127,"column":50}},"42":{"start":{"line":131,"column":23},"end":{"line":137,"column":14}},"43":{"start":{"line":139,"column":12},"end":{"line":139,"column":83}},"44":{"start":{"line":147,"column":12},"end":{"line":147,"column":23}},"45":{"start":{"line":151,"column":8},"end":{"line":172,"column":9}},"46":{"start":{"line":152,"column":27},"end":{"line":152,"column":37}},"47":{"start":{"line":154,"column":23},"end":{"line":156,"column":14}},"48":{"start":{"line":157,"column":12},"end":{"line":159,"column":13}},"49":{"start":{"line":158,"column":16},"end":{"line":158,"column":48}},"50":{"start":{"line":161,"column":12},"end":{"line":163,"column":13}},"51":{"start":{"line":162,"column":16},"end":{"line":162,"column":49}},"52":{"start":{"line":164,"column":12},"end":{"line":168,"column":14}},"53":{"start":{"line":169,"column":12},"end":{"line":169,"column":83}},"54":{"start":{"line":171,"column":12},"end":{"line":171,"column":23}},"55":{"start":{"line":175,"column":8},"end":{"line":187,"column":9}},"56":{"start":{"line":176,"column":27},"end":{"line":176,"column":37}},"57":{"start":{"line":177,"column":23},"end":{"line":177,"column":60}},"58":{"start":{"line":178,"column":12},"end":{"line":180,"column":13}},"59":{"start":{"line":179,"column":16},"end":{"line":179,"column":46}},"60":{"start":{"line":181,"column":12},"end":{"line":183,"column":14}},"61":{"start":{"line":184,"column":12},"end":{"line":184,"column":100}},"62":{"start":{"line":186,"column":12},"end":{"line":186,"column":23}},"63":{"start":{"line":190,"column":8},"end":{"line":202,"column":9}},"64":{"start":{"line":192,"column":23},"end":{"line":196,"column":14}},"65":{"start":{"line":197,"column":12},"end":{"line":197,"column":30}},"66":{"start":{"line":198,"column":12},"end":{"line":198,"column":38}},"67":{"start":{"line":200,"column":12},"end":{"line":200,"column":31}},"68":{"start":{"line":201,"column":12},"end":{"line":201,"column":23}},"69":{"start":{"line":205,"column":8},"end":{"line":236,"column":9}},"70":{"start":{"line":206,"column":12},"end":{"line":208,"column":13}},"71":{"start":{"line":207,"column":16},"end":{"line":207,"column":49}},"72":{"start":{"line":210,"column":27},"end":{"line":210,"column":45}},"73":{"start":{"line":211,"column":27},"end":{"line":214,"column":14}},"74":{"start":{"line":215,"column":28},"end":{"line":215,"column":47}},"75":{"start":{"line":217,"column":23},"end":{"line":221,"column":14}},"76":{"start":{"line":223,"column":12},"end":{"line":230,"column":13}},"77":{"start":{"line":224,"column":31},"end":{"line":224,"column":55}},"78":{"start":{"line":225,"column":16},"end":{"line":229,"column":18}},"79":{"start":{"line":231,"column":12},"end":{"line":231,"column":40}},"80":{"start":{"line":232,"column":33},"end":{"line":232,"column":54}},"81":{"start":{"line":233,"column":12},"end":{"line":233,"column":64}},"82":{"start":{"line":235,"column":12},"end":{"line":235,"column":23}},"83":{"start":{"line":239,"column":8},"end":{"line":276,"column":9}},"84":{"start":{"line":241,"column":23},"end":{"line":245,"column":14}},"85":{"start":{"line":248,"column":29},"end":{"line":248,"column":53}},"86":{"start":{"line":249,"column":28},"end":{"line":266,"column":13}},"87":{"start":{"line":268,"column":32},"end":{"line":268,"column":71}},"88":{"start":{"line":270,"column":37},"end":{"line":270,"column":54}},"89":{"start":{"line":272,"column":12},"end":{"line":272,"column":91}},"90":{"start":{"line":274,"column":12},"end":{"line":274,"column":31}},"91":{"start":{"line":275,"column":12},"end":{"line":275,"column":24}},"92":{"start":{"line":280,"column":8},"end":{"line":310,"column":9}},"93":{"start":{"line":285,"column":27},"end":{"line":285,"column":35}},"94":{"start":{"line":286,"column":27},"end":{"line":286,"column":52}},"95":{"start":{"line":287,"column":12},"end":{"line":287,"column":82}},"96":{"start":{"line":287,"column":52},"end":{"line":287,"column":82}},"97":{"start":{"line":290,"column":12},"end":{"line":297,"column":14}},"98":{"start":{"line":299,"column":25},"end":{"line":299,"column":61}},"99":{"start":{"line":303,"column":25},"end":{"line":303,"column":75}},"100":{"start":{"line":304,"column":12},"end":{"line":304,"column":54}},"101":{"start":{"line":304,"column":23},"end":{"line":304,"column":54}},"102":{"start":{"line":307,"column":12},"end":{"line":307,"column":69}},"103":{"start":{"line":309,"column":12},"end":{"line":309,"column":23}},"104":{"start":{"line":313,"column":8},"end":{"line":340,"column":9}},"105":{"start":{"line":314,"column":26},"end":{"line":316,"column":6}},"106":{"start":{"line":317,"column":19},"end":{"line":317,"column":47}},"107":{"start":{"line":329,"column":32},"end":{"line":329,"column":40}},"108":{"start":{"line":330,"column":29},"end":{"line":333,"column":14}},"109":{"start":{"line":335,"column":26},"end":{"line":335,"column":66}},"110":{"start":{"line":336,"column":12},"end":{"line":336,"column":44}},"111":{"start":{"line":338,"column":12},"end":{"line":338,"column":45}},"112":{"start":{"line":339,"column":12},"end":{"line":339,"column":23}},"113":{"start":{"line":345,"column":0},"end":{"line":345,"column":27}}},"fnMap":{"0":{"name":"(anonymous_0)","decl":{"start":{"line":27,"column":4},"end":{"line":27,"column":5}},"loc":{"start":{"line":27,"column":42},"end":{"line":36,"column":5}},"line":27},"1":{"name":"(anonymous_1)","decl":{"start":{"line":37,"column":4},"end":{"line":37,"column":5}},"loc":{"start":{"line":37,"column":39},"end":{"line":62,"column":5}},"line":37},"2":{"name":"(anonymous_2)","decl":{"start":{"line":64,"column":4},"end":{"line":64,"column":5}},"loc":{"start":{"line":64,"column":46},"end":{"line":89,"column":5}},"line":64},"3":{"name":"(anonymous_3)","decl":{"start":{"line":91,"column":4},"end":{"line":91,"column":5}},"loc":{"start":{"line":91,"column":46},"end":{"line":149,"column":5}},"line":91},"4":{"name":"(anonymous_4)","decl":{"start":{"line":150,"column":4},"end":{"line":150,"column":5}},"loc":{"start":{"line":150,"column":45},"end":{"line":173,"column":5}},"line":150},"5":{"name":"(anonymous_5)","decl":{"start":{"line":174,"column":4},"end":{"line":174,"column":5}},"loc":{"start":{"line":174,"column":45},"end":{"line":188,"column":5}},"line":174},"6":{"name":"(anonymous_6)","decl":{"start":{"line":189,"column":4},"end":{"line":189,"column":5}},"loc":{"start":{"line":189,"column":45},"end":{"line":203,"column":5}},"line":189},"7":{"name":"(anonymous_7)","decl":{"start":{"line":204,"column":4},"end":{"line":204,"column":5}},"loc":{"start":{"line":204,"column":45},"end":{"line":237,"column":5}},"line":204},"8":{"name":"(anonymous_8)","decl":{"start":{"line":238,"column":4},"end":{"line":238,"column":5}},"loc":{"start":{"line":238,"column":49},"end":{"line":277,"column":5}},"line":238},"9":{"name":"(anonymous_9)","decl":{"start":{"line":279,"column":4},"end":{"line":279,"column":5}},"loc":{"start":{"line":279,"column":47},"end":{"line":311,"column":5}},"line":279},"10":{"name":"(anonymous_10)","decl":{"start":{"line":312,"column":4},"end":{"line":312,"column":5}},"loc":{"start":{"line":312,"column":40},"end":{"line":341,"column":5}},"line":312}},"branchMap":{"0":{"loc":{"start":{"line":41,"column":12},"end":{"line":43,"column":13}},"type":"if","locations":[{"start":{"line":41,"column":12},"end":{"line":43,"column":13}},{"start":{},"end":{}}],"line":41},"1":{"loc":{"start":{"line":41,"column":16},"end":{"line":41,"column":35}},"type":"binary-expr","locations":[{"start":{"line":41,"column":16},"end":{"line":41,"column":22}},{"start":{"line":41,"column":26},"end":{"line":41,"column":35}}],"line":41},"2":{"loc":{"start":{"line":50,"column":12},"end":{"line":52,"column":13}},"type":"if","locations":[{"start":{"line":50,"column":12},"end":{"line":52,"column":13}},{"start":{},"end":{}}],"line":50},"3":{"loc":{"start":{"line":54,"column":12},"end":{"line":56,"column":13}},"type":"if","locations":[{"start":{"line":54,"column":12},"end":{"line":56,"column":13}},{"start":{},"end":{}}],"line":54},"4":{"loc":{"start":{"line":112,"column":12},"end":{"line":122,"column":13}},"type":"if","locations":[{"start":{"line":112,"column":12},"end":{"line":122,"column":13}},{"start":{},"end":{}}],"line":112},"5":{"loc":{"start":{"line":126,"column":12},"end":{"line":128,"column":13}},"type":"if","locations":[{"start":{"line":126,"column":12},"end":{"line":128,"column":13}},{"start":{},"end":{}}],"line":126},"6":{"loc":{"start":{"line":157,"column":12},"end":{"line":159,"column":13}},"type":"if","locations":[{"start":{"line":157,"column":12},"end":{"line":159,"column":13}},{"start":{},"end":{}}],"line":157},"7":{"loc":{"start":{"line":161,"column":12},"end":{"line":163,"column":13}},"type":"if","locations":[{"start":{"line":161,"column":12},"end":{"line":163,"column":13}},{"start":{},"end":{}}],"line":161},"8":{"loc":{"start":{"line":178,"column":12},"end":{"line":180,"column":13}},"type":"if","locations":[{"start":{"line":178,"column":12},"end":{"line":180,"column":13}},{"start":{},"end":{}}],"line":178},"9":{"loc":{"start":{"line":206,"column":12},"end":{"line":208,"column":13}},"type":"if","locations":[{"start":{"line":206,"column":12},"end":{"line":208,"column":13}},{"start":{},"end":{}}],"line":206},"10":{"loc":{"start":{"line":223,"column":12},"end":{"line":230,"column":13}},"type":"if","locations":[{"start":{"line":223,"column":12},"end":{"line":230,"column":13}},{"start":{},"end":{}}],"line":223},"11":{"loc":{"start":{"line":287,"column":12},"end":{"line":287,"column":82}},"type":"if","locations":[{"start":{"line":287,"column":12},"end":{"line":287,"column":82}},{"start":{},"end":{}}],"line":287},"12":{"loc":{"start":{"line":304,"column":12},"end":{"line":304,"column":54}},"type":"if","locations":[{"start":{"line":304,"column":12},"end":{"line":304,"column":54}},{"start":{},"end":{}}],"line":304}},"s":{"0":1,"1":1,"2":1,"3":1,"4":1,"5":1,"6":1,"7":1,"8":4,"9":4,"10":0,"11":4,"12":5,"13":5,"14":5,"15":5,"16":2,"17":3,"18":3,"19":3,"20":0,"21":0,"22":0,"23":0,"24":0,"25":5,"26":0,"27":0,"28":0,"29":0,"30":0,"31":0,"32":0,"33":0,"34":0,"35":0,"36":0,"37":0,"38":0,"39":0,"40":0,"41":0,"42":0,"43":0,"44":0,"45":0,"46":0,"47":0,"48":0,"49":0,"50":0,"51":0,"52":0,"53":0,"54":0,"55":0,"56":0,"57":0,"58":0,"59":0,"60":0,"61":0,"62":0,"63":0,"64":0,"65":0,"66":0,"67":0,"68":0,"69":1,"70":1,"71":1,"72":0,"73":0,"74":0,"75":0,"76":0,"77":0,"78":0,"79":0,"80":0,"81":0,"82":1,"83":0,"84":0,"85":0,"86":0,"87":0,"88":0,"89":0,"90":0,"91":0,"92":0,"93":0,"94":0,"95":0,"96":0,"97":0,"98":0,"99":0,"100":0,"101":0,"102":0,"103":0,"104":0,"105":0,"106":0,"107":0,"108":0,"109":0,"110":0,"111":0,"112":0,"113":1},"f":{"0":4,"1":5,"2":0,"3":0,"4":0,"5":0,"6":0,"7":1,"8":0,"9":0,"10":0},"b":{"0":[2,3],"1":[5,4],"2":[3,0],"3":[0,0],"4":[0,0],"5":[0,0],"6":[0,0],"7":[0,0],"8":[0,0],"9":[1,0],"10":[0,0],"11":[0,0],"12":[0,0]},"_coverageSchema":"1a1c01bbd47fc00a2c39e90264f33305004495a9","hash":"e037b73b5734a9e145aa31c5396bbe8b7cf494bf"}
,"D:\\HCK72\\Phase2\\Graded\\Personal-Project\\ip-BookCinema\\server\\helpers\\bcrypt.js": {"path":"D:\\HCK72\\Phase2\\Graded\\Personal-Project\\ip-BookCinema\\server\\helpers\\bcrypt.js","statementMap":{"0":{"start":{"line":1,"column":15},"end":{"line":1,"column":34}},"1":{"start":{"line":3,"column":15},"end":{"line":3,"column":37}},"2":{"start":{"line":4,"column":15},"end":{"line":4,"column":42}},"3":{"start":{"line":5,"column":4},"end":{"line":5,"column":16}},"4":{"start":{"line":8,"column":17},"end":{"line":8,"column":48}},"5":{"start":{"line":9,"column":4},"end":{"line":9,"column":16}},"6":{"start":{"line":11,"column":0},"end":{"line":11,"column":46}}},"fnMap":{"0":{"name":"hashPassword","decl":{"start":{"line":2,"column":9},"end":{"line":2,"column":21}},"loc":{"start":{"line":2,"column":28},"end":{"line":6,"column":1}},"line":2},"1":{"name":"comparesing","decl":{"start":{"line":7,"column":9},"end":{"line":7,"column":20}},"loc":{"start":{"line":7,"column":34},"end":{"line":10,"column":1}},"line":7}},"branchMap":{},"s":{"0":1,"1":0,"2":0,"3":0,"4":0,"5":0,"6":1},"f":{"0":0,"1":0},"b":{},"_coverageSchema":"1a1c01bbd47fc00a2c39e90264f33305004495a9","hash":"d809fdedd3fdc6a3d7328fa70240d298048968ab"}
,"D:\\HCK72\\Phase2\\Graded\\Personal-Project\\ip-BookCinema\\server\\helpers\\jwt.js": {"path":"D:\\HCK72\\Phase2\\Graded\\Personal-Project\\ip-BookCinema\\server\\helpers\\jwt.js","statementMap":{"0":{"start":{"line":1,"column":12},"end":{"line":1,"column":35}},"1":{"start":{"line":2,"column":19},"end":{"line":2,"column":41}},"2":{"start":{"line":4,"column":24},"end":{"line":4,"column":54}},"3":{"start":{"line":5,"column":4},"end":{"line":5,"column":23}},"4":{"start":{"line":10,"column":20},"end":{"line":10,"column":50}},"5":{"start":{"line":12,"column":4},"end":{"line":12,"column":19}},"6":{"start":{"line":15,"column":0},"end":{"line":15,"column":39}}},"fnMap":{"0":{"name":"jwebtoken","decl":{"start":{"line":3,"column":9},"end":{"line":3,"column":18}},"loc":{"start":{"line":3,"column":25},"end":{"line":6,"column":1}},"line":3},"1":{"name":"resultJwt","decl":{"start":{"line":8,"column":9},"end":{"line":8,"column":18}},"loc":{"start":{"line":8,"column":25},"end":{"line":13,"column":1}},"line":8}},"branchMap":{},"s":{"0":1,"1":1,"2":0,"3":0,"4":0,"5":0,"6":1},"f":{"0":0,"1":0},"b":{},"_coverageSchema":"1a1c01bbd47fc00a2c39e90264f33305004495a9","hash":"3f0cd81e31278e7f820aee32365ddb9f022e6762"}
,"D:\\HCK72\\Phase2\\Graded\\Personal-Project\\ip-BookCinema\\server\\middleware\\authen.js": {"path":"D:\\HCK72\\Phase2\\Graded\\Personal-Project\\ip-BookCinema\\server\\middleware\\authen.js","statementMap":{"0":{"start":{"line":1,"column":20},"end":{"line":1,"column":45}},"1":{"start":{"line":2,"column":15},"end":{"line":2,"column":35}},"2":{"start":{"line":5,"column":4},"end":{"line":45,"column":5}},"3":{"start":{"line":6,"column":32},"end":{"line":6,"column":43}},"4":{"start":{"line":7,"column":8},"end":{"line":7,"column":35}},"5":{"start":{"line":9,"column":31},"end":{"line":9,"column":55}},"6":{"start":{"line":13,"column":8},"end":{"line":15,"column":9}},"7":{"start":{"line":14,"column":12},"end":{"line":14,"column":40}},"8":{"start":{"line":16,"column":8},"end":{"line":16,"column":55}},"9":{"start":{"line":17,"column":8},"end":{"line":19,"column":9}},"10":{"start":{"line":18,"column":12},"end":{"line":18,"column":40}},"11":{"start":{"line":23,"column":25},"end":{"line":23,"column":41}},"12":{"start":{"line":26,"column":23},"end":{"line":28,"column":11}},"13":{"start":{"line":30,"column":8},"end":{"line":32,"column":9}},"14":{"start":{"line":31,"column":12},"end":{"line":31,"column":40}},"15":{"start":{"line":34,"column":8},"end":{"line":38,"column":9}},"16":{"start":{"line":40,"column":8},"end":{"line":40,"column":15}},"17":{"start":{"line":44,"column":8},"end":{"line":44,"column":19}},"18":{"start":{"line":47,"column":0},"end":{"line":47,"column":33}}},"fnMap":{"0":{"name":"authentication","decl":{"start":{"line":4,"column":15},"end":{"line":4,"column":29}},"loc":{"start":{"line":4,"column":44},"end":{"line":46,"column":1}},"line":4}},"branchMap":{"0":{"loc":{"start":{"line":13,"column":8},"end":{"line":15,"column":9}},"type":"if","locations":[{"start":{"line":13,"column":8},"end":{"line":15,"column":9}},{"start":{},"end":{}}],"line":13},"1":{"loc":{"start":{"line":17,"column":8},"end":{"line":19,"column":9}},"type":"if","locations":[{"start":{"line":17,"column":8},"end":{"line":19,"column":9}},{"start":{},"end":{}}],"line":17},"2":{"loc":{"start":{"line":30,"column":8},"end":{"line":32,"column":9}},"type":"if","locations":[{"start":{"line":30,"column":8},"end":{"line":32,"column":9}},{"start":{},"end":{}}],"line":30}},"s":{"0":1,"1":1,"2":0,"3":0,"4":0,"5":0,"6":0,"7":0,"8":0,"9":0,"10":0,"11":0,"12":0,"13":0,"14":0,"15":0,"16":0,"17":0,"18":1},"f":{"0":0},"b":{"0":[0,0],"1":[0,0],"2":[0,0]},"_coverageSchema":"1a1c01bbd47fc00a2c39e90264f33305004495a9","hash":"bcac584e0eeed49f249bde827c71843ad27cb73c"}
,"D:\\HCK72\\Phase2\\Graded\\Personal-Project\\ip-BookCinema\\server\\middleware\\authorization.js": {"path":"D:\\HCK72\\Phase2\\Graded\\Personal-Project\\ip-BookCinema\\server\\middleware\\authorization.js","statementMap":{"0":{"start":{"line":1,"column":22},"end":{"line":1,"column":47}},"1":{"start":{"line":2,"column":25},"end":{"line":2,"column":45}},"2":{"start":{"line":3,"column":15},"end":{"line":3,"column":35}},"3":{"start":{"line":6,"column":4},"end":{"line":54,"column":5}},"4":{"start":{"line":7,"column":34},"end":{"line":7,"column":45}},"5":{"start":{"line":9,"column":23},"end":{"line":9,"column":52}},"6":{"start":{"line":11,"column":30},"end":{"line":11,"column":54}},"7":{"start":{"line":13,"column":8},"end":{"line":15,"column":9}},"8":{"start":{"line":14,"column":12},"end":{"line":14,"column":43}},"9":{"start":{"line":19,"column":25},"end":{"line":19,"column":41}},"10":{"start":{"line":22,"column":23},"end":{"line":26,"column":10}},"11":{"start":{"line":28,"column":23},"end":{"line":28,"column":33}},"12":{"start":{"line":29,"column":21},"end":{"line":29,"column":32}},"13":{"start":{"line":33,"column":8},"end":{"line":33,"column":33}},"14":{"start":{"line":34,"column":22},"end":{"line":41,"column":10}},"15":{"start":{"line":51,"column":8},"end":{"line":51,"column":14}},"16":{"start":{"line":53,"column":8},"end":{"line":53,"column":19}},"17":{"start":{"line":56,"column":0},"end":{"line":56,"column":34}}},"fnMap":{"0":{"name":"authorization","decl":{"start":{"line":5,"column":15},"end":{"line":5,"column":28}},"loc":{"start":{"line":5,"column":45},"end":{"line":55,"column":1}},"line":5}},"branchMap":{"0":{"loc":{"start":{"line":13,"column":8},"end":{"line":15,"column":9}},"type":"if","locations":[{"start":{"line":13,"column":8},"end":{"line":15,"column":9}},{"start":{},"end":{}}],"line":13}},"s":{"0":1,"1":1,"2":1,"3":0,"4":0,"5":0,"6":0,"7":0,"8":0,"9":0,"10":0,"11":0,"12":0,"13":0,"14":0,"15":0,"16":0,"17":1},"f":{"0":0},"b":{"0":[0,0]},"_coverageSchema":"1a1c01bbd47fc00a2c39e90264f33305004495a9","hash":"c5fe0f7853d54e899903ad15bbc7c9eeaf3e4368"}
,"D:\\HCK72\\Phase2\\Graded\\Personal-Project\\ip-BookCinema\\server\\middleware\\errorHandle.js": {"path":"D:\\HCK72\\Phase2\\Graded\\Personal-Project\\ip-BookCinema\\server\\middleware\\errorHandle.js","statementMap":{"0":{"start":{"line":2,"column":4},"end":{"line":2,"column":35}},"1":{"start":{"line":4,"column":4},"end":{"line":37,"column":5}},"2":{"start":{"line":6,"column":12},"end":{"line":6,"column":68}},"3":{"start":{"line":8,"column":12},"end":{"line":8,"column":78}},"4":{"start":{"line":10,"column":12},"end":{"line":10,"column":85}},"5":{"start":{"line":12,"column":12},"end":{"line":12,"column":70}},"6":{"start":{"line":14,"column":12},"end":{"line":14,"column":81}},"7":{"start":{"line":16,"column":12},"end":{"line":16,"column":75}},"8":{"start":{"line":18,"column":12},"end":{"line":18,"column":80}},"9":{"start":{"line":20,"column":12},"end":{"line":20,"column":70}},"10":{"start":{"line":22,"column":12},"end":{"line":22,"column":70}},"11":{"start":{"line":24,"column":12},"end":{"line":24,"column":97}},"12":{"start":{"line":26,"column":12},"end":{"line":26,"column":81}},"13":{"start":{"line":28,"column":12},"end":{"line":28,"column":113}},"14":{"start":{"line":30,"column":12},"end":{"line":30,"column":80}},"15":{"start":{"line":34,"column":12},"end":{"line":34,"column":75}},"16":{"start":{"line":36,"column":12},"end":{"line":36,"column":77}},"17":{"start":{"line":39,"column":0},"end":{"line":39,"column":29}}},"fnMap":{"0":{"name":"errorHandler","decl":{"start":{"line":1,"column":9},"end":{"line":1,"column":21}},"loc":{"start":{"line":1,"column":43},"end":{"line":38,"column":1}},"line":1}},"branchMap":{"0":{"loc":{"start":{"line":4,"column":4},"end":{"line":37,"column":5}},"type":"switch","locations":[{"start":{"line":5,"column":8},"end":{"line":6,"column":68}},{"start":{"line":7,"column":8},"end":{"line":8,"column":78}},{"start":{"line":9,"column":8},"end":{"line":10,"column":85}},{"start":{"line":11,"column":8},"end":{"line":12,"column":70}},{"start":{"line":13,"column":8},"end":{"line":14,"column":81}},{"start":{"line":15,"column":8},"end":{"line":16,"column":75}},{"start":{"line":17,"column":8},"end":{"line":18,"column":80}},{"start":{"line":19,"column":8},"end":{"line":20,"column":70}},{"start":{"line":21,"column":8},"end":{"line":22,"column":70}},{"start":{"line":23,"column":8},"end":{"line":24,"column":97}},{"start":{"line":25,"column":8},"end":{"line":26,"column":81}},{"start":{"line":27,"column":8},"end":{"line":28,"column":113}},{"start":{"line":29,"column":8},"end":{"line":30,"column":80}},{"start":{"line":31,"column":8},"end":{"line":31,"column":40}},{"start":{"line":32,"column":8},"end":{"line":32,"column":40}},{"start":{"line":33,"column":8},"end":{"line":34,"column":75}},{"start":{"line":35,"column":8},"end":{"line":36,"column":77}}],"line":4}},"s":{"0":10,"1":10,"2":0,"3":3,"4":0,"5":2,"6":0,"7":0,"8":0,"9":0,"10":0,"11":0,"12":0,"13":0,"14":1,"15":4,"16":0,"17":1},"f":{"0":10},"b":{"0":[0,3,0,2,0,0,0,0,0,0,0,0,1,4,4,4,0]},"_coverageSchema":"1a1c01bbd47fc00a2c39e90264f33305004495a9","hash":"eed8b314a46c22368d6b817eda861277a780afc6"}
,"D:\\HCK72\\Phase2\\Graded\\Personal-Project\\ip-BookCinema\\server\\models\\index.js": {"path":"D:\\HCK72\\Phase2\\Graded\\Personal-Project\\ip-BookCinema\\server\\models\\index.js","statementMap":{"0":{"start":{"line":3,"column":11},"end":{"line":3,"column":24}},"1":{"start":{"line":4,"column":13},"end":{"line":4,"column":28}},"2":{"start":{"line":5,"column":18},"end":{"line":5,"column":38}},"3":{"start":{"line":6,"column":16},"end":{"line":6,"column":34}},"4":{"start":{"line":7,"column":17},"end":{"line":7,"column":42}},"5":{"start":{"line":8,"column":12},"end":{"line":8,"column":49}},"6":{"start":{"line":9,"column":15},"end":{"line":9,"column":65}},"7":{"start":{"line":10,"column":11},"end":{"line":10,"column":13}},"8":{"start":{"line":13,"column":0},"end":{"line":17,"column":1}},"9":{"start":{"line":14,"column":2},"end":{"line":14,"column":74}},"10":{"start":{"line":16,"column":2},"end":{"line":16,"column":87}},"11":{"start":{"line":19,"column":0},"end":{"line":32,"column":5}},"12":{"start":{"line":22,"column":4},"end":{"line":27,"column":6}},"13":{"start":{"line":30,"column":18},"end":{"line":30,"column":85}},"14":{"start":{"line":31,"column":4},"end":{"line":31,"column":27}},"15":{"start":{"line":34,"column":0},"end":{"line":38,"column":3}},"16":{"start":{"line":35,"column":2},"end":{"line":37,"column":3}},"17":{"start":{"line":36,"column":4},"end":{"line":36,"column":32}},"18":{"start":{"line":40,"column":0},"end":{"line":40,"column":25}},"19":{"start":{"line":41,"column":0},"end":{"line":41,"column":25}},"20":{"start":{"line":43,"column":0},"end":{"line":43,"column":20}}},"fnMap":{"0":{"name":"(anonymous_0)","decl":{"start":{"line":21,"column":10},"end":{"line":21,"column":11}},"loc":{"start":{"line":21,"column":18},"end":{"line":28,"column":3}},"line":21},"1":{"name":"(anonymous_1)","decl":{"start":{"line":29,"column":11},"end":{"line":29,"column":12}},"loc":{"start":{"line":29,"column":19},"end":{"line":32,"column":3}},"line":29},"2":{"name":"(anonymous_2)","decl":{"start":{"line":34,"column":24},"end":{"line":34,"column":25}},"loc":{"start":{"line":34,"column":37},"end":{"line":38,"column":1}},"line":34}},"branchMap":{"0":{"loc":{"start":{"line":8,"column":12},"end":{"line":8,"column":49}},"type":"binary-expr","locations":[{"start":{"line":8,"column":12},"end":{"line":8,"column":32}},{"start":{"line":8,"column":36},"end":{"line":8,"column":49}}],"line":8},"1":{"loc":{"start":{"line":13,"column":0},"end":{"line":17,"column":1}},"type":"if","locations":[{"start":{"line":13,"column":0},"end":{"line":17,"column":1}},{"start":{"line":15,"column":7},"end":{"line":17,"column":1}}],"line":13},"2":{"loc":{"start":{"line":23,"column":6},"end":{"line":26,"column":37}},"type":"binary-expr","locations":[{"start":{"line":23,"column":6},"end":{"line":23,"column":29}},{"start":{"line":24,"column":6},"end":{"line":24,"column":23}},{"start":{"line":25,"column":6},"end":{"line":25,"column":30}},{"start":{"line":26,"column":6},"end":{"line":26,"column":37}}],"line":23},"3":{"loc":{"start":{"line":35,"column":2},"end":{"line":37,"column":3}},"type":"if","locations":[{"start":{"line":35,"column":2},"end":{"line":37,"column":3}},{"start":{},"end":{}}],"line":35}},"s":{"0":1,"1":1,"2":1,"3":1,"4":1,"5":1,"6":1,"7":1,"8":1,"9":0,"10":1,"11":1,"12":3,"13":2,"14":2,"15":1,"16":2,"17":2,"18":1,"19":1,"20":1},"f":{"0":3,"1":2,"2":2},"b":{"0":[1,0],"1":[0,1],"2":[3,3,2,2],"3":[2,0]},"_coverageSchema":"1a1c01bbd47fc00a2c39e90264f33305004495a9","hash":"a6e70e4bb0582bfe4b8a9ef8a561240b792b1fb3"}
,"D:\\HCK72\\Phase2\\Graded\\Personal-Project\\ip-BookCinema\\server\\models\\ticket.js": {"path":"D:\\HCK72\\Phase2\\Graded\\Personal-Project\\ip-BookCinema\\server\\models\\ticket.js","statementMap":{"0":{"start":{"line":4,"column":4},"end":{"line":4,"column":24}},"1":{"start":{"line":5,"column":0},"end":{"line":96,"column":2}},"2":{"start":{"line":14,"column":6},"end":{"line":14,"column":35}},"3":{"start":{"line":17,"column":2},"end":{"line":94,"column":5}},"4":{"start":{"line":95,"column":2},"end":{"line":95,"column":16}}},"fnMap":{"0":{"name":"(anonymous_0)","decl":{"start":{"line":5,"column":17},"end":{"line":5,"column":18}},"loc":{"start":{"line":5,"column":43},"end":{"line":96,"column":1}},"line":5},"1":{"name":"(anonymous_1)","decl":{"start":{"line":12,"column":4},"end":{"line":12,"column":5}},"loc":{"start":{"line":12,"column":29},"end":{"line":15,"column":5}},"line":12}},"branchMap":{},"s":{"0":1,"1":1,"2":1,"3":1,"4":1},"f":{"0":1,"1":1},"b":{},"_coverageSchema":"1a1c01bbd47fc00a2c39e90264f33305004495a9","hash":"1ebb6368902c4cc19b9e21f3e13b7714abddd1c8"}
,"D:\\HCK72\\Phase2\\Graded\\Personal-Project\\ip-BookCinema\\server\\models\\user.js": {"path":"D:\\HCK72\\Phase2\\Graded\\Personal-Project\\ip-BookCinema\\server\\models\\user.js","statementMap":{"0":{"start":{"line":4,"column":4},"end":{"line":4,"column":24}},"1":{"start":{"line":5,"column":25},"end":{"line":5,"column":53}},"2":{"start":{"line":6,"column":0},"end":{"line":75,"column":2}},"3":{"start":{"line":15,"column":6},"end":{"line":15,"column":33}},"4":{"start":{"line":19,"column":2},"end":{"line":73,"column":5}},"5":{"start":{"line":70,"column":8},"end":{"line":70,"column":51}},"6":{"start":{"line":74,"column":2},"end":{"line":74,"column":14}}},"fnMap":{"0":{"name":"(anonymous_0)","decl":{"start":{"line":6,"column":17},"end":{"line":6,"column":18}},"loc":{"start":{"line":6,"column":43},"end":{"line":75,"column":1}},"line":6},"1":{"name":"(anonymous_1)","decl":{"start":{"line":13,"column":4},"end":{"line":13,"column":5}},"loc":{"start":{"line":13,"column":29},"end":{"line":17,"column":5}},"line":13},"2":{"name":"(anonymous_2)","decl":{"start":{"line":69,"column":6},"end":{"line":69,"column":7}},"loc":{"start":{"line":69,"column":32},"end":{"line":71,"column":7}},"line":69}},"branchMap":{},"s":{"0":1,"1":1,"2":1,"3":1,"4":1,"5":0,"6":1},"f":{"0":1,"1":1,"2":0},"b":{},"_coverageSchema":"1a1c01bbd47fc00a2c39e90264f33305004495a9","hash":"5d6604ab80e59d6cb6fa317b39a525c1c8f64ed6"}
,"D:\\HCK72\\Phase2\\Graded\\Personal-Project\\ip-BookCinema\\server\\routers\\index.js": {"path":"D:\\HCK72\\Phase2\\Graded\\Personal-Project\\ip-BookCinema\\server\\routers\\index.js","statementMap":{"0":{"start":{"line":1,"column":16},"end":{"line":1,"column":34}},"1":{"start":{"line":2,"column":19},"end":{"line":2,"column":55}},"2":{"start":{"line":3,"column":27},"end":{"line":3,"column":58}},"3":{"start":{"line":4,"column":26},"end":{"line":4,"column":64}},"4":{"start":{"line":6,"column":15},"end":{"line":6,"column":31}},"5":{"start":{"line":8,"column":0},"end":{"line":8,"column":45}},"6":{"start":{"line":9,"column":0},"end":{"line":9,"column":39}},"7":{"start":{"line":10,"column":0},"end":{"line":10,"column":52}},"8":{"start":{"line":12,"column":0},"end":{"line":12,"column":59}},"9":{"start":{"line":13,"column":0},"end":{"line":13,"column":62}},"10":{"start":{"line":14,"column":0},"end":{"line":14,"column":66}},"11":{"start":{"line":15,"column":0},"end":{"line":15,"column":65}},"12":{"start":{"line":16,"column":0},"end":{"line":16,"column":75}},"13":{"start":{"line":17,"column":0},"end":{"line":17,"column":83}},"14":{"start":{"line":18,"column":0},"end":{"line":18,"column":54}},"15":{"start":{"line":20,"column":0},"end":{"line":20,"column":23}}},"fnMap":{},"branchMap":{},"s":{"0":1,"1":1,"2":1,"3":1,"4":1,"5":1,"6":1,"7":1,"8":1,"9":1,"10":1,"11":1,"12":1,"13":1,"14":1,"15":1},"f":{},"b":{},"_coverageSchema":"1a1c01bbd47fc00a2c39e90264f33305004495a9","hash":"2e2746638e1488bc18e3ec50bc239ecacd742c4b"}
}
