TN:
SF:app.js
FNF:0
FNH:0
DA:1,1
DA:2,1
DA:5,1
DA:6,1
DA:7,1
DA:10,1
DA:11,1
DA:13,1
DA:14,1
DA:15,1
DA:16,1
DA:17,1
DA:23,1
LF:13
LH:13
BRDA:1,0,0,1
BRDA:1,0,1,0
BRF:2
BRH:1
end_of_record
TN:
SF:controllers\controller.js
FN:27,(anonymous_0)
FN:37,(anonymous_1)
FN:64,(anonymous_2)
FN:91,(anonymous_3)
FN:150,(anonymous_4)
FN:174,(anonymous_5)
FN:189,(anonymous_6)
FN:204,(anonymous_7)
FN:238,(anonymous_8)
FN:279,(anonymous_9)
FN:312,(anonymous_10)
FNF:11
FNH:3
FNDA:4,(anonymous_0)
FNDA:5,(anonymous_1)
FNDA:0,(anonymous_2)
FNDA:0,(anonymous_3)
FNDA:0,(anonymous_4)
FNDA:0,(anonymous_5)
FNDA:0,(anonymous_6)
FNDA:1,(anonymous_7)
FNDA:0,(anonymous_8)
FNDA:0,(anonymous_9)
FNDA:0,(anonymous_10)
DA:1,1
DA:2,1
DA:3,1
DA:4,1
DA:5,1
DA:6,1
DA:8,1
DA:9,1
DA:28,4
DA:31,4
DA:32,0
DA:34,4
DA:38,5
DA:39,5
DA:40,5
DA:41,5
DA:42,2
DA:45,3
DA:50,3
DA:51,3
DA:53,0
DA:54,0
DA:55,0
DA:57,0
DA:58,0
DA:60,5
DA:65,0
DA:66,0
DA:68,0
DA:77,0
DA:83,0
DA:85,0
DA:87,0
DA:92,0
DA:95,0
DA:97,0
DA:104,0
DA:112,0
DA:113,0
DA:121,0
DA:126,0
DA:127,0
DA:131,0
DA:139,0
DA:147,0
DA:151,0
DA:152,0
DA:154,0
DA:157,0
DA:158,0
DA:161,0
DA:162,0
DA:164,0
DA:169,0
DA:171,0
DA:175,0
DA:176,0
DA:177,0
DA:178,0
DA:179,0
DA:181,0
DA:184,0
DA:186,0
DA:190,0
DA:192,0
DA:197,0
DA:198,0
DA:200,0
DA:201,0
DA:205,1
DA:206,1
DA:207,1
DA:210,0
DA:211,0
DA:215,0
DA:217,0
DA:223,0
DA:224,0
DA:225,0
DA:231,0
DA:232,0
DA:233,0
DA:235,1
DA:239,0
DA:241,0
DA:248,0
DA:249,0
DA:268,0
DA:270,0
DA:272,0
DA:274,0
DA:275,0
DA:280,0
DA:285,0
DA:286,0
DA:287,0
DA:290,0
DA:299,0
DA:303,0
DA:304,0
DA:307,0
DA:309,0
DA:313,0
DA:314,0
DA:317,0
DA:329,0
DA:330,0
DA:335,0
DA:336,0
DA:338,0
DA:339,0
DA:345,1
LF:112
LH:25
BRDA:41,0,0,2
BRDA:41,0,1,3
BRDA:41,1,0,5
BRDA:41,1,1,4
BRDA:50,2,0,3
BRDA:50,2,1,0
BRDA:54,3,0,0
BRDA:54,3,1,0
BRDA:112,4,0,0
BRDA:112,4,1,0
BRDA:126,5,0,0
BRDA:126,5,1,0
BRDA:157,6,0,0
BRDA:157,6,1,0
BRDA:161,7,0,0
BRDA:161,7,1,0
BRDA:178,8,0,0
BRDA:178,8,1,0
BRDA:206,9,0,1
BRDA:206,9,1,0
BRDA:223,10,0,0
BRDA:223,10,1,0
BRDA:287,11,0,0
BRDA:287,11,1,0
BRDA:304,12,0,0
BRDA:304,12,1,0
BRF:26
BRH:6
end_of_record
TN:
SF:helpers\bcrypt.js
FN:2,hashPassword
FN:7,comparesing
FNF:2
FNH:0
FNDA:0,hashPassword
FNDA:0,comparesing
DA:1,1
DA:3,0
DA:4,0
DA:5,0
DA:8,0
DA:9,0
DA:11,1
LF:7
LH:2
BRF:0
BRH:0
end_of_record
TN:
SF:helpers\jwt.js
FN:3,jwebtoken
FN:8,resultJwt
FNF:2
FNH:0
FNDA:0,jwebtoken
FNDA:0,resultJwt
DA:1,1
DA:2,1
DA:4,0
DA:5,0
DA:10,0
DA:12,0
DA:15,1
LF:7
LH:3
BRF:0
BRH:0
end_of_record
TN:
SF:middleware\authen.js
FN:4,authentication
FNF:1
FNH:0
FNDA:0,authentication
DA:1,1
DA:2,1
DA:5,0
DA:6,0
DA:7,0
DA:9,0
DA:13,0
DA:14,0
DA:16,0
DA:17,0
DA:18,0
DA:23,0
DA:26,0
DA:30,0
DA:31,0
DA:34,0
DA:40,0
DA:44,0
DA:47,1
LF:19
LH:3
BRDA:13,0,0,0
BRDA:13,0,1,0
BRDA:17,1,0,0
BRDA:17,1,1,0
BRDA:30,2,0,0
BRDA:30,2,1,0
BRF:6
BRH:0
end_of_record
TN:
SF:middleware\authorization.js
FN:5,authorization
FNF:1
FNH:0
FNDA:0,authorization
DA:1,1
DA:2,1
DA:3,1
DA:6,0
DA:7,0
DA:9,0
DA:11,0
DA:13,0
DA:14,0
DA:19,0
DA:22,0
DA:28,0
DA:29,0
DA:33,0
DA:34,0
DA:51,0
DA:53,0
DA:56,1
LF:18
LH:4
BRDA:13,0,0,0
BRDA:13,0,1,0
BRF:2
BRH:0
end_of_record
TN:
SF:middleware\errorHandle.js
FN:1,errorHandler
FNF:1
FNH:1
FNDA:10,errorHandler
DA:2,10
DA:4,10
DA:6,0
DA:8,3
DA:10,0
DA:12,2
DA:14,0
DA:16,0
DA:18,0
DA:20,0
DA:22,0
DA:24,0
DA:26,0
DA:28,0
DA:30,1
DA:34,4
DA:36,0
DA:39,1
LF:18
LH:7
BRDA:4,0,0,0
BRDA:4,0,1,3
BRDA:4,0,2,0
BRDA:4,0,3,2
BRDA:4,0,4,0
BRDA:4,0,5,0
BRDA:4,0,6,0
BRDA:4,0,7,0
BRDA:4,0,8,0
BRDA:4,0,9,0
BRDA:4,0,10,0
BRDA:4,0,11,0
BRDA:4,0,12,1
BRDA:4,0,13,4
BRDA:4,0,14,4
BRDA:4,0,15,4
BRDA:4,0,16,0
BRF:17
BRH:6
end_of_record
TN:
SF:models\index.js
FN:21,(anonymous_0)
FN:29,(anonymous_1)
FN:34,(anonymous_2)
FNF:3
FNH:3
FNDA:3,(anonymous_0)
FNDA:2,(anonymous_1)
FNDA:2,(anonymous_2)
DA:3,1
DA:4,1
DA:5,1
DA:6,1
DA:7,1
DA:8,1
DA:9,1
DA:10,1
DA:13,1
DA:14,0
DA:16,1
DA:19,1
DA:22,3
DA:30,2
DA:31,2
DA:34,1
DA:35,2
DA:36,2
DA:40,1
DA:41,1
DA:43,1
LF:21
LH:20
BRDA:8,0,0,1
BRDA:8,0,1,0
BRDA:13,1,0,0
BRDA:13,1,1,1
BRDA:23,2,0,3
BRDA:23,2,1,3
BRDA:23,2,2,2
BRDA:23,2,3,2
BRDA:35,3,0,2
BRDA:35,3,1,0
BRF:10
BRH:7
end_of_record
TN:
SF:models\ticket.js
FN:5,(anonymous_0)
FN:12,(anonymous_1)
FNF:2
FNH:2
FNDA:1,(anonymous_0)
FNDA:1,(anonymous_1)
DA:4,1
DA:5,1
DA:14,1
DA:17,1
DA:95,1
LF:5
LH:5
BRF:0
BRH:0
end_of_record
TN:
SF:models\user.js
FN:6,(anonymous_0)
FN:13,(anonymous_1)
FN:69,(anonymous_2)
FNF:3
FNH:2
FNDA:1,(anonymous_0)
FNDA:1,(anonymous_1)
FNDA:0,(anonymous_2)
DA:4,1
DA:5,1
DA:6,1
DA:15,1
DA:19,1
DA:70,0
DA:74,1
LF:7
LH:6
BRF:0
BRH:0
end_of_record
TN:
SF:routers\index.js
FNF:0
FNH:0
DA:1,1
DA:2,1
DA:3,1
DA:4,1
DA:6,1
DA:8,1
DA:9,1
DA:10,1
DA:12,1
DA:13,1
DA:14,1
DA:15,1
DA:16,1
DA:17,1
DA:18,1
DA:20,1
LF:16
LH:16
BRF:0
BRH:0
end_of_record
